<?xml version="1.0" encoding="UTF-8"?>
<testsuite xmlns:xsi="http://www.w3.org/2001/XMLSchema-instance" xsi:noNamespaceSchemaLocation="https://maven.apache.org/surefire/maven-surefire-plugin/xsd/surefire-test-report.xsd" name="runner.TestMadeInChina" time="58.825" tests="2" errors="0" skipped="0" failures="0">
  <properties>
[...]
</properties>
  <testcase name="Computer Products" classname="Exploring All Categories Products" time="24.385"/>
  <testcase name="Electrical and Electronics Products" classname="Exploring All Categories Products" time="26.751"/>
</testsuite>